  Day8.cpp
C:\Users\Marla\Documents\Advent-of-Code\2025\Day8\Day8.cpp(46,31): warning C4267: '=' : conversion de 'size_t' en 'int', perte possible de données
C:\Users\Marla\Documents\Advent-of-Code\2025\Day8\Day8.cpp(72,31): warning C4267: '=' : conversion de 'size_t' en 'long', perte possible de données
C:\Users\Marla\Documents\Advent-of-Code\2025\Day8\Day8.cpp(95,23): warning C4244: '=' : conversion de 'double' en '__int64', perte possible de données
C:\Users\Marla\Documents\Advent-of-Code\2025\Day8\Day8.cpp(117,60): warning C4267: 'argument' : conversion de 'size_t' en 'int', perte possible de données
C:\Users\Marla\Documents\Advent-of-Code\2025\Day8\Day8.cpp(117,57): warning C4267: 'argument' : conversion de 'size_t' en 'int', perte possible de données
C:\Users\Marla\Documents\Advent-of-Code\2025\Day8\Day8.cpp(139,13): warning C4267: 'initialisation' : conversion de 'size_t' en 'long', perte possible de données
C:\Users\Marla\Documents\Advent-of-Code\2025\Day8\Day8.cpp(140,11): warning C4267: 'initialisation' : conversion de 'size_t' en 'long', perte possible de données
C:\Users\Marla\Documents\Advent-of-Code\2025\Day8\Day8.cpp(196,13): warning C4267: 'initialisation' : conversion de 'size_t' en 'int', perte possible de données
C:\Users\Marla\Documents\Advent-of-Code\2025\Day8\Day8.cpp(215,13): warning C4267: 'initialisation' : conversion de 'size_t' en 'int', perte possible de données
C:\Users\Marla\Documents\Advent-of-Code\2025\Day8\Day8.cpp(221,61): warning C4244: 'argument' : conversion de '_Ty' en 'int', perte possible de données
C:\Users\Marla\Documents\Advent-of-Code\2025\Day8\Day8.cpp(221,61): warning C4244:         with
C:\Users\Marla\Documents\Advent-of-Code\2025\Day8\Day8.cpp(221,61): warning C4244:         [
C:\Users\Marla\Documents\Advent-of-Code\2025\Day8\Day8.cpp(221,61): warning C4244:             _Ty=__int64
C:\Users\Marla\Documents\Advent-of-Code\2025\Day8\Day8.cpp(221,61): warning C4244:         ]
C:\Users\Marla\Documents\Advent-of-Code\2025\Day8\Day8.cpp(221,44): warning C4244: 'argument' : conversion de '_Ty' en 'int', perte possible de données
C:\Users\Marla\Documents\Advent-of-Code\2025\Day8\Day8.cpp(221,44): warning C4244:         with
C:\Users\Marla\Documents\Advent-of-Code\2025\Day8\Day8.cpp(221,44): warning C4244:         [
C:\Users\Marla\Documents\Advent-of-Code\2025\Day8\Day8.cpp(221,44): warning C4244:             _Ty=__int64
C:\Users\Marla\Documents\Advent-of-Code\2025\Day8\Day8.cpp(221,44): warning C4244:         ]
C:\Users\Marla\Documents\Advent-of-Code\2025\Day8\Day8.cpp(225,40): warning C4244: '=' : conversion de '_Ty' en 'int', perte possible de données
C:\Users\Marla\Documents\Advent-of-Code\2025\Day8\Day8.cpp(225,40): warning C4244:         with
C:\Users\Marla\Documents\Advent-of-Code\2025\Day8\Day8.cpp(225,40): warning C4244:         [
C:\Users\Marla\Documents\Advent-of-Code\2025\Day8\Day8.cpp(225,40): warning C4244:             _Ty=__int64
C:\Users\Marla\Documents\Advent-of-Code\2025\Day8\Day8.cpp(225,40): warning C4244:         ]
C:\Users\Marla\Documents\Advent-of-Code\2025\Day8\Day8.cpp(226,40): warning C4244: '=' : conversion de '_Ty' en 'int', perte possible de données
C:\Users\Marla\Documents\Advent-of-Code\2025\Day8\Day8.cpp(226,40): warning C4244:         with
C:\Users\Marla\Documents\Advent-of-Code\2025\Day8\Day8.cpp(226,40): warning C4244:         [
C:\Users\Marla\Documents\Advent-of-Code\2025\Day8\Day8.cpp(226,40): warning C4244:             _Ty=__int64
C:\Users\Marla\Documents\Advent-of-Code\2025\Day8\Day8.cpp(226,40): warning C4244:         ]
C:\Users\Marla\Documents\Advent-of-Code\2025\Day8\Day8.cpp(234,49): warning C4244: '=' : conversion de '_Ty' en 'int', perte possible de données
C:\Users\Marla\Documents\Advent-of-Code\2025\Day8\Day8.cpp(234,49): warning C4244:         with
C:\Users\Marla\Documents\Advent-of-Code\2025\Day8\Day8.cpp(234,49): warning C4244:         [
C:\Users\Marla\Documents\Advent-of-Code\2025\Day8\Day8.cpp(234,49): warning C4244:             _Ty=__int64
C:\Users\Marla\Documents\Advent-of-Code\2025\Day8\Day8.cpp(234,49): warning C4244:         ]
C:\Users\Marla\Documents\Advent-of-Code\2025\Day8\Day8.cpp(235,49): warning C4244: '=' : conversion de '_Ty' en 'int', perte possible de données
C:\Users\Marla\Documents\Advent-of-Code\2025\Day8\Day8.cpp(235,49): warning C4244:         with
C:\Users\Marla\Documents\Advent-of-Code\2025\Day8\Day8.cpp(235,49): warning C4244:         [
C:\Users\Marla\Documents\Advent-of-Code\2025\Day8\Day8.cpp(235,49): warning C4244:             _Ty=__int64
C:\Users\Marla\Documents\Advent-of-Code\2025\Day8\Day8.cpp(235,49): warning C4244:         ]
C:\Users\Marla\Documents\Advent-of-Code\2025\Day8\Day8.cpp(299,13): warning C4267: 'initialisation' : conversion de 'size_t' en 'int', perte possible de données
C:\Users\Marla\Documents\Advent-of-Code\2025\Day8\Day8.cpp(326,13): warning C4267: 'initialisation' : conversion de 'size_t' en 'int', perte possible de données
C:\Users\Marla\Documents\Advent-of-Code\2025\Day8\Day8.cpp(337,13): warning C4267: '=' : conversion de 'size_t' en 'int', perte possible de données
C:\Users\Marla\Documents\Advent-of-Code\2025\Day8\Day8.cpp(344,13): warning C4267: '=' : conversion de 'size_t' en 'int', perte possible de données
C:\Users\Marla\Documents\Advent-of-Code\2025\Day8\Day8.cpp(349,13): warning C4267: '=' : conversion de 'size_t' en 'int', perte possible de données
  Day8.vcxproj -> C:\Users\Marla\Documents\Advent-of-Code\2025\Day8\x64\Debug\Day8.exe
